<?xml version="1.0" encoding="UTF-8"?>
<!-- Generated by org.testng.reporters.JUnitReportReporter -->
<testsuite hostname="admin-PC" failures="0" tests="1" name="Firsttestng.Sectest" time="1.470" errors="0" timestamp="2024-01-20T22:52:24 IST" skipped="0">
  <testcase classname="Firsttestng.Sectest" name="login" time="1.470"/>
  <system-out/>
</testsuite> <!-- Firsttestng.Sectest -->
