<?xml version="1.0" encoding="UTF-8"?>
<!-- Generated by org.testng.reporters.JUnitReportReporter -->
<testsuite hostname="admin-PC" failures="0" tests="1" name="Firsttestng.Newtest" time="0.011" errors="0" timestamp="2024-01-20T22:35:53 IST" skipped="0">
  <testcase classname="Firsttestng.Newtest" name="login" time="0.011"/>
  <system-out/>
</testsuite> <!-- Firsttestng.Newtest -->
